0 info it worked if it ends with ok
1 verbose cli [ '/Users/steve/.nvm/versions/io.js/v2.5.0/bin/iojs',
1 verbose cli   '/Users/steve/.nvm/versions/io.js/v2.5.0/bin/npm',
1 verbose cli   'publish' ]
2 info using npm@2.13.2
3 info using node@v2.5.0
4 verbose publish [ '.' ]
5 silly cache add args [ '.', null ]
6 verbose cache add spec .
7 silly cache add parsed spec { raw: '.',
7 silly cache add   scope: null,
7 silly cache add   name: null,
7 silly cache add   rawSpec: '.',
7 silly cache add   spec: '/Users/steve/BITBUCKET/download-server/server',
7 silly cache add   type: 'directory' }
8 verbose addLocalDirectory /Users/steve/.npm/download-server/1.0.0/package.tgz not in flight; packing
9 verbose tar pack [ '/Users/steve/.npm/download-server/1.0.0/package.tgz',
9 verbose tar pack   '/Users/steve/BITBUCKET/download-server/server' ]
10 verbose tarball /Users/steve/.npm/download-server/1.0.0/package.tgz
11 verbose folder /Users/steve/BITBUCKET/download-server/server
12 info prepublish download-server@1.0.0
13 verbose addLocalTarball adding from inside cache /Users/steve/.npm/download-server/1.0.0/package.tgz
14 silly cache afterAdd download-server@1.0.0
15 verbose afterAdd /Users/steve/.npm/download-server/1.0.0/package/package.json not in flight; writing
16 verbose afterAdd /Users/steve/.npm/download-server/1.0.0/package/package.json written
17 silly publish { name: 'download-server',
17 silly publish   version: '1.0.0',
17 silly publish   description: 'Simple download server with API-based access control',
17 silly publish   homepage: 'https://github.com/steve-taylor/node-download-server',
17 silly publish   bugs: { url: 'https://github.com/steve-taylor/node-download-server/issues' },
17 silly publish   files: [ 'index.js', 'main.js', 'lib/' ],
17 silly publish   main: 'index.js',
17 silly publish   author: { name: 'Steve Taylor' },
17 silly publish   license: 'MIT',
17 silly publish   scripts: { start: 'node index.js' },
17 silly publish   repository:
17 silly publish    { type: 'git',
17 silly publish      url: 'git+https://github.com/steve-taylor/node-download-server.git' },
17 silly publish   engines: { node: '>=0.12.0 <0.13' },
17 silly publish   dependencies:
17 silly publish    { babel: '^5.8.21',
17 silly publish      'body-parser': '^1.14.2',
17 silly publish      colors: '^1.1.2',
17 silly publish      'command-line-args': '^2.1.4',
17 silly publish      express: '^4.13.3',
17 silly publish      'node-cache': '^3.0.0',
17 silly publish      randomstring: '^1.1.3' },
17 silly publish   readme: 'Node.js public/private download server\n====\n\n    npm install --save download-server\n\nThis is a small library and app to implement a file download server that is capable\nof serving public and private files.\n\nPrivate files cannot be downloaded unless requested via a URL that contains a valid\ntemporary download key. Temporary download keys are generated via an API call.\n\nThis download server can run as a standalone app or be included as a library in any\nNode.js app.\n\nThe following options are available:\n\n| Option        | Default value (standalone only) | Description                                                         |\n| ------------- | ------------------------------- | ------------------------------------------------------------------- |\n| `apiKey`      |                                 | Shared secret key for requesting new download links to be generated |\n| `publicDir`   |                                 | The local directory containing publicly downloadable files          |\n| `publicPath`  | `"/public"`                     | The base path of publicly downloadable file URLs                    |\n| `privateDir`  |                                 | The local directory containing privately downloadable files         |\n| `privatePath` | `"/private"`                    | The base path of privately downloadable file URLs                   |\n| `port`        | `3000`                          | The port on which the server runs                                   |\n| `ttl`         | `300`                           | The number of seconds from creation after which links expire        |\n\nIf `publicDir` is not specified, this server will not serve public files. If `privateDir` and/or `apiKey`\nare not specified, this server will not serve private files, nor will it take requests to generate temporary\ndownload keys.\n\nHere\'s an example of running this as a standalone app:\n\n\tnode main \\\n\t    --apiKey secret123\n\t    --publicDir /path/to/public\n\t    --privateDir /path/to/private\n\nThis starts an instance that serves public and private files on port 3000 with a temporary download key\nexpiry of 300 seconds.\n\nHere\'s an example of embedding this in a Node.js app:\n\n    var downloadServer = require(\'download-server\');\n    \n    var _server = null;\n    \n    downloadServer.start({\n        apiKey: \'secret123\',\n        publicDir: \'/path/to/public\',\n        publicPath: \'/public\',\n        privateDir: \'/path/to/private\',\n        privatePath: \'/private\',\n        port: 3000,\n        ttl: 300\n    }, function(server) {\n        _server = server;\n        console.log(\'Download server started on port 3000\');\n    });\n    \n    // ...\n    \n    // Stop the download server\n    downloadServer.stop(_server);\n\nMore documentation to follow...',
17 silly publish   readmeFilename: 'README.md',
17 silly publish   gitHead: 'c75f48dae4003126086dc98fbfcb3d7cfde008be',
17 silly publish   _id: 'download-server@1.0.0',
17 silly publish   _shasum: 'b93390078dd89dc1d02a533099525b40523ee1fd',
17 silly publish   _from: '.' }
18 verbose getPublishConfig undefined
19 silly mapToRegistry name download-server
20 silly mapToRegistry using default registry
21 silly mapToRegistry registry https://registry.npmjs.org/
22 silly mapToRegistry uri https://registry.npmjs.org/download-server
23 verbose publish registryBase https://registry.npmjs.org/
24 silly publish uploading /Users/steve/.npm/download-server/1.0.0/package.tgz
25 verbose request uri https://registry.npmjs.org/download-server
26 verbose request sending authorization for write operation
27 info attempt registry request try #1 at 03:41:02
28 verbose request using bearer token for auth
29 verbose request id 774d94ec52953071
30 http request PUT https://registry.npmjs.org/download-server
31 http 403 https://registry.npmjs.org/download-server
32 verbose headers { 'content-type': 'application/json',
32 verbose headers   'cache-control': 'max-age=300',
32 verbose headers   'content-length': '95',
32 verbose headers   'accept-ranges': 'bytes',
32 verbose headers   date: 'Thu, 07 Jan 2016 17:11:03 GMT',
32 verbose headers   via: '1.1 varnish',
32 verbose headers   connection: 'keep-alive',
32 verbose headers   'x-served-by': 'cache-syd1620-SYD',
32 verbose headers   'x-cache': 'MISS',
32 verbose headers   'x-cache-hits': '0',
32 verbose headers   'x-timer': 'S1452186662.799057,VS0,VE886' }
33 verbose request invalidating /Users/steve/.npm/registry.npmjs.org/download-server on PUT
34 error publish Failed PUT 403
35 verbose stack Error: "You cannot publish over the previously published version 1.0.0." : download-server
35 verbose stack     at CachingRegistryClient.<anonymous> (/Users/steve/.nvm/versions/io.js/v2.5.0/lib/node_modules/npm/node_modules/npm-registry-client/lib/request.js:247:14)
35 verbose stack     at Request._callback (/Users/steve/.nvm/versions/io.js/v2.5.0/lib/node_modules/npm/node_modules/npm-registry-client/lib/request.js:170:14)
35 verbose stack     at Request.self.callback (/Users/steve/.nvm/versions/io.js/v2.5.0/lib/node_modules/npm/node_modules/request/request.js:197:22)
35 verbose stack     at emitTwo (events.js:87:13)
35 verbose stack     at Request.emit (events.js:172:7)
35 verbose stack     at Request.<anonymous> (/Users/steve/.nvm/versions/io.js/v2.5.0/lib/node_modules/npm/node_modules/request/request.js:1050:14)
35 verbose stack     at emitOne (events.js:82:20)
35 verbose stack     at Request.emit (events.js:169:7)
35 verbose stack     at IncomingMessage.<anonymous> (/Users/steve/.nvm/versions/io.js/v2.5.0/lib/node_modules/npm/node_modules/request/request.js:996:12)
35 verbose stack     at emitNone (events.js:72:20)
36 verbose statusCode 403
37 verbose pkgid download-server
38 verbose cwd /Users/steve/BITBUCKET/download-server/server
39 error Darwin 15.0.0
40 error argv "/Users/steve/.nvm/versions/io.js/v2.5.0/bin/iojs" "/Users/steve/.nvm/versions/io.js/v2.5.0/bin/npm" "publish"
41 error node v2.5.0
42 error npm  v2.13.2
43 error code E403
44 error "You cannot publish over the previously published version 1.0.0." : download-server
45 error If you need help, you may report this error at:
45 error     <https://github.com/npm/npm/issues>
46 verbose exit [ 1, true ]
